<?xml version="1.0" encoding="UTF-8"?>
<!-- Generated by org.testng.reporters.JUnitXMLReporter -->
<testsuite hostname="DESKTOP-ASB5QBL" ignored="2" name="Test" tests="2" failures="0" timestamp="11 Apr 2024 16:41:36 GMT" time="50.485" errors="0">
  <testcase name="@BeforeClass orgLogin" time="0.001" classname="testNG.TestNGMaster">
    <failure type="java.lang.NullPointerException">
      <![CDATA[java.lang.NullPointerException
at testNG.TestNGMaster.orgLogin(TestNGMaster.java:48)
... Removed 26 stack frames]]>
    </failure>
  </testcase> <!-- @BeforeClass orgLogin -->
  <testcase name="@AfterClass orgLogout" time="0.0" classname="testNG.TestNGMaster">
    <skipped/>
  </testcase> <!-- @AfterClass orgLogout -->
  <testcase name="orgEmpReg" time="9.913" classname="testNG.EmpRegTest_TestNG"/>
  <testcase name="orgUserReg" time="0.0" classname="testNG.UserReg_TestNG">
    <skipped/>
  </testcase> <!-- orgUserReg -->
  <testcase name="@AfterTest orgClose" time="0.0" classname="testNG.TestNGMaster">
    <ignored/>
  </testcase> <!-- @AfterTest orgClose -->
  <testcase name="@BeforeTest orgLaunch" time="0.0" classname="testNG.TestNGMaster">
    <ignored/>
  </testcase> <!-- @BeforeTest orgLaunch -->
</testsuite> <!-- Test -->
